<?xml version="1.0" encoding="UTF-8"?>
<robot generator="Robot 5.0.1 (Python 3.10.5 on win32)" generated="20220905 10:56:26.161" rpa="false" schemaversion="3">
<suite id="s1" name="Radiocheck" source="c:\Users\swapn\kkjs\VS_Robot\Robot Frame\Simple Robot Form\radiocheckbox\radiocheck.robot">
<test id="s1-t1" name="TestRadioCheckbox" line="7">
<kw name="OpenSite" library="radchekkey">
<doc>Method for opening Browser</doc>
<kw name="Open Browser" library="SeleniumLibrary">
<arg>${url}</arg>
<arg>${brw}</arg>
<doc>Opens a new browser instance to the optional ``url``.</doc>
<msg timestamp="20220905 10:56:28.601" level="INFO">Opening browser 'chrome' to base url 'https://www.techlistic.com/p/selenium-practice-form.html'.</msg>
<status status="PASS" starttime="20220905 10:56:28.601" endtime="20220905 10:56:42.132"/>
</kw>
<kw name="Maximize Browser Window" library="SeleniumLibrary">
<doc>Maximizes current browser window.</doc>
<status status="PASS" starttime="20220905 10:56:42.132" endtime="20220905 10:56:42.315"/>
</kw>
<kw name="Wait Until Element Is Visible" library="SeleniumLibrary">
<arg>id:ez-accept-all</arg>
<arg>timeout=5</arg>
<doc>Waits until the element ``locator`` is visible.</doc>
<status status="PASS" starttime="20220905 10:56:42.315" endtime="20220905 10:56:42.730"/>
</kw>
<kw name="Click Button" library="SeleniumLibrary">
<arg>id:ez-accept-all</arg>
<doc>Clicks the button identified by ``locator``.</doc>
<msg timestamp="20220905 10:56:42.730" level="INFO">Clicking button 'id:ez-accept-all'.</msg>
<status status="PASS" starttime="20220905 10:56:42.730" endtime="20220905 10:56:43.154"/>
</kw>
<kw name="Wait Until Element Is Visible" library="SeleniumLibrary">
<arg>id:cookieChoiceDismiss</arg>
<arg>timeout=7</arg>
<doc>Waits until the element ``locator`` is visible.</doc>
<status status="PASS" starttime="20220905 10:56:43.154" endtime="20220905 10:56:46.219"/>
</kw>
<kw name="Click Link" library="SeleniumLibrary">
<arg>xpath://*[@id="cookieChoiceDismiss"]</arg>
<doc>Clicks a link identified by ``locator``.</doc>
<msg timestamp="20220905 10:56:46.220" level="INFO">Clicking link 'xpath://*[@id="cookieChoiceDismiss"]'.</msg>
<status status="PASS" starttime="20220905 10:56:46.219" endtime="20220905 10:56:46.298"/>
</kw>
<kw name="Scroll Element Into View" library="SeleniumLibrary">
<arg>xpath://*[@id="post-body-3077692503353518311"]/div[1]/div/div/h2[2]/div[1]/div/div[25]/div[1]/span</arg>
<doc>Scrolls the element identified by ``locator`` into view.</doc>
<status status="PASS" starttime="20220905 10:56:46.299" endtime="20220905 10:56:50.602"/>
</kw>
<status status="PASS" starttime="20220905 10:56:28.600" endtime="20220905 10:56:50.602"/>
</kw>
<kw name="Input first and last name" library="radchekkey">
<doc>method for input firstname and lastname</doc>
<kw name="Input Text" library="SeleniumLibrary">
<arg>name:firstname</arg>
<arg>${first}</arg>
<doc>Types the given ``text`` into the text field identified by ``locator``.</doc>
<msg timestamp="20220905 10:56:50.606" level="INFO">Typing text 'kalyani' into text field 'name:firstname'.</msg>
<status status="PASS" starttime="20220905 10:56:50.605" endtime="20220905 10:56:51.117"/>
</kw>
<kw name="Input Text" library="SeleniumLibrary">
<arg>name:lastname</arg>
<arg>${last}</arg>
<doc>Types the given ``text`` into the text field identified by ``locator``.</doc>
<msg timestamp="20220905 10:56:51.118" level="INFO">Typing text 'Joshi' into text field 'name:lastname'.</msg>
<status status="PASS" starttime="20220905 10:56:51.117" endtime="20220905 10:56:51.232"/>
</kw>
<status status="PASS" starttime="20220905 10:56:50.605" endtime="20220905 10:56:51.232"/>
</kw>
<kw name="Select Field" library="radchekkey">
<kw name="Select Radio Button" library="SeleniumLibrary">
<arg>sex</arg>
<arg>${gender}</arg>
<doc>Sets the radio button group ``group_name`` to ``value``.</doc>
<msg timestamp="20220905 10:56:51.235" level="INFO">Selecting 'Female' from radio button 'sex'.</msg>
<status status="PASS" starttime="20220905 10:56:51.234" endtime="20220905 10:56:51.425"/>
</kw>
<kw name="Select Radio Button" library="SeleniumLibrary">
<arg>exp</arg>
<arg>${yoe}</arg>
<doc>Sets the radio button group ``group_name`` to ``value``.</doc>
<msg timestamp="20220905 10:56:51.425" level="INFO">Selecting '3' from radio button 'exp'.</msg>
<status status="PASS" starttime="20220905 10:56:51.425" endtime="20220905 10:56:51.501"/>
</kw>
<kw name="Input Text" library="SeleniumLibrary">
<arg>id:datepicker</arg>
<arg>${dt}</arg>
<doc>Types the given ``text`` into the text field identified by ``locator``.</doc>
<msg timestamp="20220905 10:56:51.502" level="INFO">Typing text '11-01-1990' into text field 'id:datepicker'.</msg>
<status status="PASS" starttime="20220905 10:56:51.501" endtime="20220905 10:56:51.630"/>
</kw>
<kw name="Select Checkbox" library="SeleniumLibrary">
<arg>id:profession-1</arg>
<doc>Selects the checkbox identified by ``locator``.</doc>
<msg timestamp="20220905 10:56:51.630" level="INFO">Selecting checkbox 'id:profession-1'.</msg>
<status status="PASS" starttime="20220905 10:56:51.630" endtime="20220905 10:56:51.726"/>
</kw>
<kw name="Select Checkbox" library="SeleniumLibrary">
<arg>id:tool-2</arg>
<doc>Selects the checkbox identified by ``locator``.</doc>
<msg timestamp="20220905 10:56:51.727" level="INFO">Selecting checkbox 'id:tool-2'.</msg>
<status status="PASS" starttime="20220905 10:56:51.727" endtime="20220905 10:56:51.996"/>
</kw>
<kw name="Select Checkbox" library="SeleniumLibrary">
<arg>id:tool-0</arg>
<doc>Selects the checkbox identified by ``locator``.</doc>
<msg timestamp="20220905 10:56:51.996" level="INFO">Selecting checkbox 'id:tool-0'.</msg>
<status status="PASS" starttime="20220905 10:56:51.996" endtime="20220905 10:56:52.087"/>
</kw>
<kw name="Scroll Element Into View" library="SeleniumLibrary">
<arg>xpath://*[@id="submit"]</arg>
<doc>Scrolls the element identified by ``locator`` into view.</doc>
<status status="PASS" starttime="20220905 10:56:52.087" endtime="20220905 10:56:52.389"/>
</kw>
<kw name="Click Element" library="SeleniumLibrary">
<arg>xpath://*[@id="continents"]</arg>
<doc>Click the element identified by ``locator``.</doc>
<msg timestamp="20220905 10:56:52.390" level="INFO">Clicking element 'xpath://*[@id="continents"]'.</msg>
<status status="PASS" starttime="20220905 10:56:52.390" endtime="20220905 10:56:52.489"/>
</kw>
<kw name="Click Element" library="SeleniumLibrary">
<arg>xpath://*[@id="continents"]/option[5]</arg>
<doc>Click the element identified by ``locator``.</doc>
<msg timestamp="20220905 10:56:52.491" level="INFO">Clicking element 'xpath://*[@id="continents"]/option[5]'.</msg>
<status status="PASS" starttime="20220905 10:56:52.490" endtime="20220905 10:56:52.609"/>
</kw>
<kw name="Click Element" library="SeleniumLibrary">
<arg>xpath://*[@id="selenium_commands"]/option[4]</arg>
<doc>Click the element identified by ``locator``.</doc>
<msg timestamp="20220905 10:56:52.610" level="INFO">Clicking element 'xpath://*[@id="selenium_commands"]/option[4]'.</msg>
<status status="PASS" starttime="20220905 10:56:52.610" endtime="20220905 10:56:52.671"/>
</kw>
<kw name="Click Button" library="SeleniumLibrary">
<arg>id:submit</arg>
<doc>Clicks the button identified by ``locator``.</doc>
<msg timestamp="20220905 10:56:52.672" level="INFO">Clicking button 'id:submit'.</msg>
<status status="PASS" starttime="20220905 10:56:52.671" endtime="20220905 10:56:52.744"/>
</kw>
<status status="PASS" starttime="20220905 10:56:51.233" endtime="20220905 10:56:52.744"/>
</kw>
<kw name="Close Browser" library="SeleniumLibrary">
<doc>Closes the current browser.</doc>
<status status="PASS" starttime="20220905 10:56:52.744" endtime="20220905 10:56:55.625"/>
</kw>
<doc>Sign-Up selenium Automation Form</doc>
<status status="PASS" starttime="20220905 10:56:28.599" endtime="20220905 10:56:55.625"/>
</test>
<status status="PASS" starttime="20220905 10:56:26.177" endtime="20220905 10:56:55.641"/>
</suite>
<statistics>
<total>
<stat pass="1" fail="0" skip="0">All Tests</stat>
</total>
<tag>
</tag>
<suite>
<stat pass="1" fail="0" skip="0" id="s1" name="Radiocheck">Radiocheck</stat>
</suite>
</statistics>
<errors>
</errors>
</robot>
